C51 COMPILER V8.05a   SETUP                                                                07/20/2017 09:47:57 PAGE 1   


C51 COMPILER V8.05a, COMPILATION OF MODULE SETUP
OBJECT MODULE PLACED IN .\setup.obj
COMPILER INVOKED BY: C:\Keil_v5\C51\BIN\C51.EXE ..\SOFTWARE\TASK\setup.c LARGE BROWSE DEBUG OBJECTEXTEND PRINT(.\setup.l
                    -st) TABS(2) OBJECT(.\setup.obj)

line level    source

   1          /************************************************************
   2          * 组织名称：
   3          * 文件名称: K:\单片机相关\电子大赛程序框架\SOFTWARE\TASK\SETUP.C
   4          * 作者:     周晨阳 
   5          * 版本:    
   6          * 日期:     2017/07/18
   7          * 描述:   初始化器件和测试器件使用
   8          * 历史修改记录:
   9          * <作者> <时间> <版本 > <描述>
  10          * 
  11          ***********************************************************/
  12          
  13          #include "setup.h"
  14          #include "../HARDWARE/DEVICES/SENSOR/ANGLE/ANGLE.h"
  15          #include "../../HARDWARE/DEVICES/BUTTON/BUTTON.h" 
  16          #include "../../HARDWARE/DEVICES/MOTOR/DC_MOTOR/MOTOR.h"
  17          #include "../../HARDWARE/DEVICES/LED/LED.h"
  18          #include "../../HARDWARE/BSP/USART1.h"
  19          #include "../../HARDWARE/BSP/timer.h"
  20          #include "../../HARDWARE/BSP/GPIO.h"
  21          #include "../../HARDWARE/BSP/delay.h"
  22          #include "../../HARDWARE/BSP/STC15_PWM.h"
  23          #include "../../HARDWARE/DEVICES/MOTOR/STEP_MOTOR/STEP_MOTOR.h"
  24          #include "../../HARDWARE/DEVICES/MOTOR/SERVO/SERVO.h"
  25          #include "../../HARDWARE/DEVICES/DISPLAY/LCD5110/LCD5510_V2.H"
  26          #include "../../HARDWARE/COMMON_HARDWARE/fixedPulser.h"
  27          
  28          unsigned char code *str1 = {"Nokia 5510 Test, Haha^_^ I am so glad to see you agian! Do you think so?"};
  29          
  30          /*************  串口1初始化函数 *****************/
  31          /*************************************************
  32          * 函数名称: void    UART1_init(unsigned long BandRate)
  33          * 描述: 串口1初始化函数
  34          * 输入: unsigned long BandRate ：串口的波特率，请在数值后加字母"L"，防止出问题
  35          * 输出: 调用此函数会发送一段测试语句 “ STC15w4k58s4 UART1 is open ”
  36          * 返回值: 无
  37          * 其他说明: 无
  38          *************************************************/
  39          void    UART1_init(unsigned long BandRate)
  40          {
  41   1        COMx_InitDefine     COMx_InitStructure;
  42   1        COMx_InitStructure.UART_Mode = UART_8bit_BRTx;
  43   1        COMx_InitStructure.UART_BRT_Use = BRT_Timer2;
  44   1        COMx_InitStructure.UART_BaudRate = BandRate;
  45   1        COMx_InitStructure.UART_RxEnable = ENABLE;
  46   1        COMx_InitStructure.BaudRateDouble = DISABLE;
  47   1        COMx_InitStructure.UART_Interrupt = ENABLE;
  48   1        COMx_InitStructure.UART_Polity = PolityHigh;
  49   1        COMx_InitStructure.UART_P_SW = UART1_SW_P30_P31;
  50   1        COMx_InitStructure.UART_RXD_TXD_Short = DISABLE;
  51   1        USART_Configuration(USART1, &COMx_InitStructure);
  52   1        // PrintString1("STC15w4k58s4's UART1 is open \r\n");   //串口测试
  53   1      }
  54          void test(void)//器件测试
C51 COMPILER V8.05a   SETUP                                                                07/20/2017 09:47:57 PAGE 2   

  55          { 
  56   1        unsigned char code *str1 = {"Nokia 5510 Test, Haha^_^ I am so glad to see you agian! Do you think so?"};
  57   1        unsigned char code *str2 = {"I Love You AVR"};
  58   1        unsigned char i, j, k;
  59   1        unsigned char LCD_contrast = 0xc8; 
  60   1        while(*str1)
  61   1        {
  62   2          LCD_prints(0, 0, str1++); 
  63   2          delay_ms(250); i++;
  64   2          LCD_clr_row(0);
  65   2        }
  66   1        str1 -= i;
  67   1        LCD_printsl(0, 0, str1);
  68   1      
  69   1        delay_ms(200);delay_ms(200);delay_ms(200);delay_ms(200);delay_ms(200);; delay_ms(200);delay_ms(200);delay
             -_ms(200);delay_ms(200);delay_ms(200);;
  70   1        LCD_clr_scr();    //清屏
  71   1        for(i = 0; i < 14; i++) {LCD_printc(i, 2, str2[i]); delay_ms(250);}
  72   1      
  73   1        delay_ms(200);delay_ms(200);delay_ms(200);delay_ms(200);delay_ms(200);;
  74   1        LCD_prints(0, 3, ">--(*^_^*)--<");
  75   1        delay_ms(200);delay_ms(200);delay_ms(200);delay_ms(200);delay_ms(200);;
  76   1      
  77   1        LCD_prints(0, 0, "Blank Test ");
  78   1        delay_ms(200);delay_ms(200);delay_ms(200);delay_ms(200);delay_ms(200);;
  79   1        LCD_show_blank;   //空白测试
  80   1        delay_ms(200);delay_ms(200);delay_ms(200);delay_ms(200);delay_ms(200);;
  81   1        LCD_prints(0, 0, "Normal Test");
  82   1        LCD_show_normal;  //恢复正常
  83   1        delay_ms(200);delay_ms(200);delay_ms(200);delay_ms(200);delay_ms(200);;
  84   1        LCD_prints(0, 0, "Black Test ");
  85   1        delay_ms(200);delay_ms(200);delay_ms(200);delay_ms(200);delay_ms(200);;
  86   1        LCD_show_black;   //全黑检测坏点
  87   1        delay_ms(200);delay_ms(200);delay_ms(200);delay_ms(200);delay_ms(200);;
  88   1        LCD_show_normal;  //恢复正常
  89   1        delay_ms(200);delay_ms(200);delay_ms(200);delay_ms(200);delay_ms(200);;
  90   1        LCD_prints(0, 0, "Inverse Test");
  91   1        LCD_show_inverse; //反色
  92   1        delay_ms(200);delay_ms(200);delay_ms(200);delay_ms(200);delay_ms(200);;
  93   1        LCD_prints(0, 0, "Normal again");
  94   1        LCD_show_normal;  //恢复正常
  95   1        delay_ms(200);delay_ms(200);delay_ms(200);delay_ms(200);delay_ms(200);;
  96   1        LCD_clr_scr();    //清屏
  97   1        delay_ms(200);delay_ms(200);delay_ms(200);delay_ms(200);delay_ms(200);;
  98   1        
  99   1        i = 0; j = 0; k =0;
 100   1        while(k++ < 101)  //ASCII字符测试
 101   1        { 
 102   2          LCD_printc(i, j, k + 32); 
 103   2          delay_ms(250); 
 104   2          i++; if(i == 14) {i = 0; j++;}
 105   2          if(j == 6) j = 0;
 106   2        }
 107   1        
 108   1        LCD_prints(2, 1, "Alexi2008");
 109   1        while(1)        //对比度软件调节
 110   1        {
 111   2          LCD_write_cmd(0x23);//工作模式, 水平寻址, 扩展指令  
 112   2      
 113   2          for(i = 0; i < 10; i++) {LCD_contrast++; LCD_write_cmd(LCD_contrast); delay_ms(250);}
 114   2          for(i = 0; i < 20; i++) {LCD_contrast--; LCD_write_cmd(LCD_contrast); delay_ms(250);}
 115   2          for(i = 0; i < 10; i++) {LCD_contrast++; LCD_write_cmd(LCD_contrast); delay_ms(250);}
C51 COMPILER V8.05a   SETUP                                                                07/20/2017 09:47:57 PAGE 3   

 116   2        }
 117   1      
 118   1      
 119   1      }
 120          void setup(void)
 121          {
 122   1        UART1_init(115200L);
 123   1        //timerInit();
 124   1        Board_LED_Init();
 125   1        Button_config();
 126   1        //ADC_config(ADC_P10, ADC_540T);
 127   1        LCD5510_Init();
 128   1        test();
 129   1      
 130   1      }
 131          


MODULE INFORMATION:   STATIC OVERLAYABLE
   CODE SIZE        =    880    ----
   CONSTANT SIZE    =    174    ----
   XDATA SIZE       =      2      21
   PDATA SIZE       =   ----    ----
   DATA SIZE        =   ----    ----
   IDATA SIZE       =   ----    ----
   BIT SIZE         =   ----    ----
END OF MODULE INFORMATION.


C51 COMPILATION COMPLETE.  0 WARNING(S),  0 ERROR(S)
